<?xml version="1.0" encoding="UTF-8"?>
<!-- Generated by org.testng.reporters.JUnitReportReporter -->
<testsuite hostname="DESKTOP-ASQKMVR" failures="0" tests="4" name="com.API_Automation.ReadBody_Basics" time="22.600" errors="0" timestamp="2024-03-10T21:39:29 IST" skipped="0">
  <testcase classname="com.API_Automation.ReadBody_Basics" name="readBody1" time="0.290"/>
  <system-out/>
  <testcase classname="com.API_Automation.ReadBody_Basics" name="givenexample" time="4.536"/>
  <system-out/>
  <testcase classname="com.API_Automation.ReadBody_Basics" name="readBody" time="17.565"/>
  <system-out/>
  <testcase classname="com.API_Automation.ReadBody_Basics" name="validationfails1" time="0.209"/>
  <system-out/>
</testsuite> <!-- com.API_Automation.ReadBody_Basics -->
