<?xml version="1.0" encoding="UTF-8"?>
<!-- Generated by org.testng.reporters.JUnitReportReporter -->
<testsuite hostname="DESKTOP-ASQKMVR" failures="0" tests="1" name="com.API_Automation.myFirstRestAssuredClass" time="2.292" errors="0" timestamp="2024-03-11T00:07:05 IST" skipped="0">
  <testcase classname="com.API_Automation.myFirstRestAssuredClass" name="getComponents" time="2.292"/>
  <system-out/>
</testsuite> <!-- com.API_Automation.myFirstRestAssuredClass -->
