<?xml version="1.0" encoding="UTF-8"?>
<!-- Generated by org.testng.reporters.JUnitReportReporter -->
<testsuite hostname="DESKTOP-F8IJ2Q9" failures="0" tests="1" name="com.API_Automation.post_test" time="2.125" errors="0" timestamp="2023-02-19T01:13:21 IST" skipped="0">
  <testcase classname="com.API_Automation.post_test" name="post1" time="2.125"/>
  <system-out/>
</testsuite> <!-- com.API_Automation.post_test -->
