<?xml version="1.0" encoding="UTF-8"?>
<!-- Generated by org.testng.reporters.JUnitReportReporter -->
<testsuite hostname="DESKTOP-F8IJ2Q9" failures="0" tests="1" name="com.API_Automation.Time_Examples" time="4.223" errors="0" timestamp="2023-02-05T18:03:46 IST" skipped="0">
  <testcase classname="com.API_Automation.Time_Examples" name="getComponents" time="4.223"/>
  <system-out/>
</testsuite> <!-- com.API_Automation.Time_Examples -->
